<?xml version="1.0" encoding="UTF-8"?>
<testng-results ignored="0" total="1" passed="1" failed="0" skipped="0">
  <reporter-output>
  </reporter-output>
  <suite started-at="2024-04-05T14:47:55 IST" name="Default suite" finished-at="2024-04-05T14:47:55 IST" duration-ms="140">
    <groups>
    </groups>
    <test started-at="2024-04-05T14:47:55 IST" name="Default test" finished-at="2024-04-05T14:47:55 IST" duration-ms="140">
      <class name="test.NewTest">
        <test-method is-config="true" signature="beforeTest()[pri:0, instance:test.NewTest@3646a422]" started-at="2024-04-05T14:47:55 IST" name="beforeTest" finished-at="2024-04-05T14:47:55 IST" duration-ms="26" status="PASS">
          <reporter-output>
          </reporter-output>
        </test-method> <!-- beforeTest -->
        <test-method signature="f()[pri:0, instance:test.NewTest@3646a422]" started-at="2024-04-05T14:47:55 IST" name="f" finished-at="2024-04-05T14:47:55 IST" duration-ms="14" status="PASS">
          <reporter-output>
          </reporter-output>
        </test-method> <!-- f -->
        <test-method is-config="true" signature="afterTest()[pri:0, instance:test.NewTest@3646a422]" started-at="2024-04-05T14:47:55 IST" name="afterTest" finished-at="2024-04-05T14:47:55 IST" duration-ms="0" status="PASS">
          <reporter-output>
          </reporter-output>
        </test-method> <!-- afterTest -->
      </class> <!-- test.NewTest -->
    </test> <!-- Default test -->
  </suite> <!-- Default suite -->
</testng-results>
